[2, 0, 0, 0, 0, 0, 0, 1, 0, 0, 4, 1, 2, 1, 0, 0],0.5313043478260868,1,1,1,1,1#[0.43315768] # Time taken: 11.386237859725952
[3, 1, 0, 0, 0, 1, 1, 0, 0, 1, 3, 1, 3, 1, 1, 2],0.6612173913043478,1,1,1,1,1#[0.4357108] # Time taken: 11.52938175201416
[3, 0, 0, 1, 0, 0, 0, 1, 0, 0, 4, 1, 2, 1, 1, 1],0.5999130434782609,1,1,1,1,1#[0.43500826] # Time taken: 11.333353757858276
[2, 3, 0, 0, 0, 1, 1, 0, 1, 0, 5, 0, 3, 0, 1, 0],0.45034782608695645,1,1,0.15,1,1#[0.3753288] # Time taken: 9.960677862167358
[2, 2, 0, 0, 1, 1, 1, 1, 0, 0, 4, 1, 4, 0, 0, 0],0.7078260869565217,1,1,1,1,1#[0.40465337] # Time taken: 10.080205202102661
[1, 1, 0, 1, 0, 0, 0, 1, 0, 2, 0, 1, 4, 1, 0, 0],0.6068695652173912,1,1,1,1,1#[0.4753454] # Time taken: 9.834187269210815
[1, 2, 0, 1, 1, 0, 0, 0, 1, 0, 1, 1, 2, 1, 0, 0],0.7695652173913043,1,1,1,1,1#[0.34699726] # Time taken: 9.907981634140015
[2, 1, 0, 0, 1, 0, 1, 0, 1, 1, 0, 1, 3, 1, 1, 0],0.5814782608695652,1,1,1,1,1#[0.4202892] # Time taken: 10.322482109069824
[1, 3, 0, 1, 0, 1, 0, 0, 0, 1, 0, 1, 4, 1, 1, 0],0.6968695652173913,1,1,1,1,1#[0.43547064] # Time taken: 9.799098491668701
[2, 3, 0, 1, 1, 1, 0, 0, 0, 0, 1, 0, 3, 1, 1, 0],0.45034782608695645,1,1,0.13,1,1#[0.4084611] # Time taken: 9.875407457351685
[1, 1, 0, 1, 0, 0, 0, 1, 0, 2, 0, 1, 4, 1, 0, 0],0.6068695652173912,1,1,1,1,1#[0.4753454] # Time taken: 9.834187269210815
[1, 2, 0, 1, 1, 0, 0, 0, 1, 0, 1, 1, 2, 1, 0, 0],0.7695652173913043,1,1,1,1,1#[0.34699726] # Time taken: 9.907981634140015
[2, 1, 0, 0, 1, 0, 1, 0, 1, 1, 0, 1, 3, 1, 1, 0],0.5814782608695652,1,1,1,1,1#[0.4202892] # Time taken: 10.322482109069824
[1, 3, 0, 1, 0, 1, 0, 0, 0, 1, 0, 1, 4, 1, 1, 0],0.6968695652173913,1,1,1,1,1#[0.43547064] # Time taken: 9.799098491668701
[2, 3, 0, 1, 1, 1, 0, 0, 0, 0, 1, 0, 3, 1, 1, 0],0.45034782608695645,1,1,0.13,1,1#[0.4084611] # Time taken: 9.875407457351685
[2, 3, 0, 1, 0, 0, 0, 1, 1, 2, 0, 1, 4, 0, 0, 0],0.45034782608695645,1,1,0.07,1,1#[0.4545789] # Time taken: 18.145814180374146
[3, 2, 0, 1, 0, 1, 0, 0, 1, 1, 3, 0, 3, 1, 1, 0],0.9264347826086956,1,1,1,0.3508041189401829,1#[-0.71695256] # Time taken: 9.73442816734314
[2, 0, 0, 0, 0, 1, 0, 1, 1, 0, 2, 0, 2, 1, 1, 0],0.5432173913043479,1,1,1,1,1#[0.51354337] # Time taken: 18.155591249465942
[2, 1, 0, 1, 0, 1, 1, 1, 1, 0, 2, 0, 2, 1, 1, 0],0.6495652173913042,1,1,1,1,1#[0.5110283] # Time taken: 17.957977294921875
[2, 1, 0, 0, 1, 0, 0, 0, 1, 2, 5, 0, 2, 1, 1, 0],0.6191304347826087,1,1,1,1,1#[0.5251891] # Time taken: 17.951293468475342

