[3, 2, 0, 1, 1, 0, 1, 0, 0, 1, 5, 0, 4, 1, 0, 1],0.914695652173913,-1.48,1,1,0.36314558214864134,1#[0.4364056] # Time taken: 11.408431053161621
[3, 3, 0, 1, 0, 0, 0, 0, 1, 1, 3, 1, 4, 1, 1, 1],0.4280869565217391,-0.01,1,1,1,1#[0.43723065] # Time taken: 11.625395059585571
[1, 2, 0, 1, 0, 1, 1, 0, 1, 0, 1, 1, 4, 1, 0, 0],0.7756521739130434,-1.4,1,1,1,1#[0.19208571] # Time taken: 10.037071704864502
[1, 2, 0, 0, 0, 0, 1, 0, 0, 2, 3, 0, 4, 0, 0, 0],0.7675652173913043,1,1,1,1,1#[0.46409282] # Time taken: 9.97377896308899
[2, 3, 0, 1, 0, 1, 0, 1, 1, 0, 1, 1, 4, 1, 1, 0],0.45034782608695645,1,1,0.07,1,1#[0.39558527] # Time taken: 17.83780264854431
[3, 2, 0, 0, 0, 1, 1, 0, 0, 1, 2, 0, 4, 1, 1, 0],0.8662608695652174,1,1,1,1,1#[0.2467219] # Time taken: 10.244922399520874
[1, 0, 0, 1, 0, 0, 1, 0, 1, 1, 2, 0, 4, 0, 1, 0],0.4231304347826087,-1.53,1,1,1,1
[3, 1, 0, 1, 1, 1, 0, 1, 1, 1, 0, 0, 3, 0, 1, 2],0.5336521739130434,-0.01,1,1,1,1#[0.3413756] # Time taken: 9.72729778289795
[3, 2, 0, 0, 1, 0, 0, 0, 1, 0, 6, 1, 3, 0, 0, 0],0.9205217391304348,1,1,1,0.3652666898067801,1#[0.3167624] # Time taken: 9.815115451812744
[2, 0, 0, 0, 0, 0, 1, 1, 1, 2, 6, 1, 4, 1, 0, 0],0.5467826086956522,1,1,1,1,1#[0.34328014] # Time taken: 9.764234781265259
[3, 2, 0, 0, 0, 1, 1, 0, 0, 1, 2, 0, 4, 1, 1, 0],0.8662608695652174,1,1,1,1,1#[0.2467219] # Time taken: 10.244922399520874
[1, 0, 0, 1, 0, 0, 1, 0, 1, 1, 2, 0, 4, 0, 1, 0],0.4231304347826087,-1.53,1,1,1,1
[3, 1, 0, 1, 1, 1, 0, 1, 1, 1, 0, 0, 3, 0, 1, 2],0.5336521739130434,-0.01,1,1,1,1#[0.3413756] # Time taken: 9.72729778289795
[1, 0, 0, 1, 0, 0, 1, 0, 1, 1, 2, 0, 4, 0, 1, 0],0.4231304347826087,-1.53,1,1,1,1
[2, 0, 0, 0, 0, 0, 1, 1, 1, 2, 6, 1, 4, 1, 0, 0],0.5467826086956522,1,1,1,1,1#[0.34328014] # Time taken: 9.764234781265259
[3, 0, 0, 0, 0, 1, 0, 0, 1, 2, 6, 0, 3, 0, 0, 2],0.6539999999999999,1,1,1,1,1#[0.8527756] # Time taken: 11.326727628707886
[1, 3, 0, 0, 1, 0, 1, 0, 1, 1, 0, 0, 3, 1, 0, 0],0.6014782608695652,1,1,1,1,1#[0.4504557] # Time taken: 18.39862060546875
[3, 0, 0, 1, 0, 1, 0, 1, 1, 1, 4, 1, 4, 0, 1, 1],0.2783478260869565,0,1,1,1,1#[0.4503104] # Time taken: 17.749605894088745
[3, 1, 0, 0, 0, 1, 0, 0, 1, 1, 2, 0, 4, 0, 1, 1],0.3960869565217391,1,1,1,1,1#[0.9819922] # Time taken: 11.316612005233765
[1, 0, 0, 1, 1, 0, 0, 0, 0, 0, 4, 1, 3, 1, 0, 0],0.5962608695652174,-0.01,1,1,1,1#[0.9818556] # Time taken: 11.421123027801514


