[2, 2, 0, 1, 1, 1, 0, 0, 0, 1, 0, 0, 3, 0, 1, 0],0.7184347826086956,0.91,1,1,1,1#[0.43593827] # Time taken: 11.452042818069458
[1, 3, 0, 1, 1, 1, 1, 0, 0, 1, 4, 1, 3, 0, 0, 0],0.6779999999999999,1,1,1,1,1#[0.4325467] # Time taken: 11.794788599014282
[1, 0, 0, 1, 0, 0, 0, 0, 1, 2, 5, 0, 4, 1, 0, 0],0.5594782608695652,-0.27,1,1,1,1#[0.45537826] # Time taken: 10.43775987625122
[2, 3, 0, 1, 1, 0, 0, 0, 0, 0, 3, 1, 2, 1, 1, 0],0.45034782608695645,1,1,0.06,1,1
[2, 3, 0, 1, 1, 0, 1, 1, 1, 2, 0, 1, 2, 0, 1, 0],0.45034782608695645,1,1,0.06,1,1
[2, 3, 0, 0, 0, 1, 0, 0, 1, 1, 0, 1, 4, 0, 1, 0],0.45034782608695645,1,1,0.07,1,1#[0.9998043] # Time taken: 11.307590007781982
[2, 3, 0, 1, 1, 0, 0, 0, 0, 0, 3, 1, 2, 1, 1, 0],0.45034782608695645,1,1,0.06,1,1
[2, 3, 0, 1, 1, 0, 0, 0, 0, 0, 3, 1, 2, 1, 1, 0],0.45034782608695645,1,1,0.06,1,1
[2, 1, 0, 0, 1, 0, 1, 0, 1, 2, 5, 0, 4, 0, 0, 0],0.5897391304347825,1,1,1,1,1#[0.45727685] # Time taken: 10.314995288848877
[2, 3, 0, 0, 1, 1, 0, 0, 1, 2, 5, 1, 4, 0, 1, 0],0.45034782608695645,1,1,0.07,1,1#[0.45287845] # Time taken: 10.371301174163818
[2, 3, 0, 0, 0, 1, 0, 0, 1, 1, 0, 1, 4, 0, 1, 0],0.45034782608695645,1,1,0.07,1,1#[0.9998043] # Time taken: 11.307590007781982
[2, 3, 0, 1, 1, 0, 1, 0, 0, 2, 4, 1, 3, 1, 1, 0],0.45034782608695645,-1.43,1,0.14,1,1
[1, 3, 0, 1, 0, 0, 1, 0, 0, 1, 0, 0, 4, 0, 0, 0],0.5890434782608696,-1.4,1,1,1,1#[0.7375069] # Time taken: 11.361531019210815
[2, 1, 0, 0, 1, 0, 1, 0, 1, 2, 5, 0, 4, 0, 0, 0],0.5897391304347825,1,1,1,1,1#[0.45727685] # Time taken: 10.314995288848877
[3, 1, 0, 1, 0, 1, 1, 0, 1, 2, 6, 0, 4, 0, 1, 1],0.49747826086956526,-1.54,1,1,1,1#[0.31198844] # Time taken: 6.341684103012085
[2, 3, 0, 1, 1, 1, 0, 1, 1, 0, 4, 1, 3, 0, 0, 0],0.45034782608695645,1,1,0.13,1,1
[1, 3, 0, 0, 1, 1, 1, 0, 1, 0, 1, 0, 2, 0, 1, 0],0.6359130434782608,1,1,1,1,1#[0.45094866] # Time taken: 19.600500345230103
[3, 0, 0, 1, 0, 1, 0, 0, 1, 1, 1, 0, 3, 0, 0, 0],0.9463478260869566,1,1,1,1,1#[0.4507124] # Time taken: 19.580167055130005
[1, 3, 0, 0, 1, 0, 1, 0, 0, 2, 0, 1, 2, 1, 1, 0],0.6201739130434782,1,1,1,1,1#[0.4507774] # Time taken: 19.42965292930603
[3, 0, 0, 0, 1, 0, 0, 1, 0, 1, 4, 0, 3, 0, 0, 0],0.9970434782608696,1,1,1,1,1#[0.98160964] # Time taken: 11.497368335723877

